[debug] [2021-07-25T14:31:03.984Z] ----------------------------------------------------------------------
[debug] [2021-07-25T14:31:03.985Z] Command:       /usr/local/bin/firebase /Users/altonong/.cache/firebase/tools/lib/node_modules/firebase-tools/lib/bin/firebase deploy --debug
[debug] [2021-07-25T14:31:03.986Z] CLI Version:   9.16.0
[debug] [2021-07-25T14:31:03.986Z] Platform:      darwin
[debug] [2021-07-25T14:31:03.986Z] Node Version:  v12.18.1
[debug] [2021-07-25T14:31:03.987Z] Time:          Mon Jul 26 2021 00:31:03 GMT+1000 (Australian Eastern Standard Time)
[debug] [2021-07-25T14:31:03.987Z] ----------------------------------------------------------------------
[debug] 
[debug] [2021-07-25T14:31:04.033Z] > command requires scopes: ["email","openid","https://www.googleapis.com/auth/cloudplatformprojects.readonly","https://www.googleapis.com/auth/firebase","https://www.googleapis.com/auth/cloud-platform"]
[debug] [2021-07-25T14:31:04.034Z] > authorizing via signed-in user (vnmsx6@gmail.com)
[debug] [2021-07-25T14:31:04.034Z] [iam] checking project catsoc-signup-3901a for permissions ["firebase.projects.get","firebasehosting.sites.update"]
[debug] [2021-07-25T14:31:04.036Z] >>> HTTP REQUEST POST https://cloudresourcemanager.googleapis.com/v1/projects/catsoc-signup-3901a:testIamPermissions  
 {"permissions":["firebase.projects.get","firebasehosting.sites.update"]}
[debug] [2021-07-25T14:31:04.386Z] <<< HTTP RESPONSE 200 {"content-type":"application/json; charset=UTF-8","vary":"X-Origin, Referer, Origin,Accept-Encoding","date":"Sun, 25 Jul 2021 14:31:04 GMT","server":"ESF","cache-control":"private","x-xss-protection":"0","x-frame-options":"SAMEORIGIN","x-content-type-options":"nosniff","server-timing":"gfet4t7; dur=192","alt-svc":"h3=\":443\"; ma=2592000,h3-29=\":443\"; ma=2592000,h3-T051=\":443\"; ma=2592000,h3-Q050=\":443\"; ma=2592000,h3-Q046=\":443\"; ma=2592000,h3-Q043=\":443\"; ma=2592000,quic=\":443\"; ma=2592000; v=\"46,43\"","accept-ranges":"none","transfer-encoding":"chunked"}
[debug] [2021-07-25T14:31:04.388Z] > refreshing access token with scopes: []
[debug] [2021-07-25T14:31:04.388Z] >>> HTTP REQUEST POST https://www.googleapis.com/oauth2/v3/token  
 <request body omitted>
[debug] [2021-07-25T14:31:04.645Z] <<< HTTP RESPONSE 200 {"expires":"Mon, 01 Jan 1990 00:00:00 GMT","date":"Sun, 25 Jul 2021 14:31:04 GMT","cache-control":"no-cache, no-store, max-age=0, must-revalidate","pragma":"no-cache","content-type":"application/json; charset=utf-8","vary":"X-Origin, Referer, Origin,Accept-Encoding","server":"scaffolding on HTTPServer2","x-xss-protection":"0","x-frame-options":"SAMEORIGIN","x-content-type-options":"nosniff","alt-svc":"h3=\":443\"; ma=2592000,h3-29=\":443\"; ma=2592000,h3-T051=\":443\"; ma=2592000,h3-Q050=\":443\"; ma=2592000,h3-Q046=\":443\"; ma=2592000,h3-Q043=\":443\"; ma=2592000,quic=\":443\"; ma=2592000; v=\"46,43\"","accept-ranges":"none","transfer-encoding":"chunked"}
[debug] [2021-07-25T14:31:04.703Z] >>> [apiv2][query] GET https://firebase.googleapis.com/v1beta1/projects/catsoc-signup-3901a [none]
[debug] [2021-07-25T14:31:05.195Z] <<< [apiv2][status] GET https://firebase.googleapis.com/v1beta1/projects/catsoc-signup-3901a 200
[debug] [2021-07-25T14:31:05.195Z] <<< [apiv2][body] GET https://firebase.googleapis.com/v1beta1/projects/catsoc-signup-3901a {"projectId":"catsoc-signup-3901a","projectNumber":"8230738347","displayName":"CATSOC-SIGNUP","name":"projects/catsoc-signup-3901a","resources":{"hostingSite":"catsoc-signup-3901a"},"state":"ACTIVE"}
[info] 
[info] === Deploying to 'catsoc-signup-3901a'...
[info] 
[info] i  deploying hosting 
[debug] [2021-07-25T14:31:05.198Z] > refreshing access token with scopes: ["email","https://www.googleapis.com/auth/cloud-platform","https://www.googleapis.com/auth/cloudplatformprojects.readonly","https://www.googleapis.com/auth/firebase","openid"]
[debug] [2021-07-25T14:31:05.199Z] >>> HTTP REQUEST POST https://www.googleapis.com/oauth2/v3/token  
 <request body omitted>
[debug] [2021-07-25T14:31:05.503Z] <<< HTTP RESPONSE 200 {"pragma":"no-cache","cache-control":"no-cache, no-store, max-age=0, must-revalidate","expires":"Mon, 01 Jan 1990 00:00:00 GMT","date":"Sun, 25 Jul 2021 14:31:05 GMT","content-type":"application/json; charset=utf-8","vary":"X-Origin, Referer, Origin,Accept-Encoding","server":"scaffolding on HTTPServer2","x-xss-protection":"0","x-frame-options":"SAMEORIGIN","x-content-type-options":"nosniff","alt-svc":"h3=\":443\"; ma=2592000,h3-29=\":443\"; ma=2592000,h3-T051=\":443\"; ma=2592000,h3-Q050=\":443\"; ma=2592000,h3-Q046=\":443\"; ma=2592000,h3-Q043=\":443\"; ma=2592000,quic=\":443\"; ma=2592000; v=\"46,43\"","accept-ranges":"none","transfer-encoding":"chunked"}
[debug] [2021-07-25T14:31:05.600Z] >>> HTTP REQUEST POST https://firebasehosting.googleapis.com/v1beta1/sites/catsoc-signup-3901a/versions  
 {"config":{"rewrites":[{"glob":"**","path":"/index.html"}]},"labels":{"deployment-tool":"cli-firebase"}}
[debug] [2021-07-25T14:31:07.153Z] <<< HTTP RESPONSE 200 {"content-type":"application/json; charset=UTF-8","vary":"X-Origin, Referer, Origin,Accept-Encoding","date":"Sun, 25 Jul 2021 14:31:07 GMT","server":"ESF","cache-control":"private","x-xss-protection":"0","x-frame-options":"SAMEORIGIN","x-content-type-options":"nosniff","alt-svc":"h3=\":443\"; ma=2592000,h3-29=\":443\"; ma=2592000,h3-T051=\":443\"; ma=2592000,h3-Q050=\":443\"; ma=2592000,h3-Q046=\":443\"; ma=2592000,h3-Q043=\":443\"; ma=2592000,quic=\":443\"; ma=2592000; v=\"46,43\"","accept-ranges":"none","transfer-encoding":"chunked"}
[info] i  hosting[catsoc-signup-3901a]: beginning deploy... 
[info] i  hosting[catsoc-signup-3901a]: found 14 files in build 
[debug] [2021-07-25T14:31:07.162Z] > refreshing access token with scopes: []
[debug] [2021-07-25T14:31:07.162Z] >>> HTTP REQUEST POST https://www.googleapis.com/oauth2/v3/token  
 <request body omitted>
[debug] [2021-07-25T14:31:07.163Z] [hosting] hash cache [YnVpbGQ] stored for 14 files
[debug] [2021-07-25T14:31:07.164Z] [hosting][hash queue][FINAL] {"max":1,"min":1,"avg":1,"active":0,"complete":14,"success":14,"errored":0,"retried":0,"total":14,"elapsed":3}
[debug] [2021-07-25T14:31:07.485Z] <<< HTTP RESPONSE 200 {"pragma":"no-cache","cache-control":"no-cache, no-store, max-age=0, must-revalidate","date":"Sun, 25 Jul 2021 14:31:07 GMT","expires":"Mon, 01 Jan 1990 00:00:00 GMT","content-type":"application/json; charset=utf-8","vary":"X-Origin, Referer, Origin,Accept-Encoding","server":"scaffolding on HTTPServer2","x-xss-protection":"0","x-frame-options":"SAMEORIGIN","x-content-type-options":"nosniff","alt-svc":"h3=\":443\"; ma=2592000,h3-29=\":443\"; ma=2592000,h3-T051=\":443\"; ma=2592000,h3-Q050=\":443\"; ma=2592000,h3-Q046=\":443\"; ma=2592000,h3-Q043=\":443\"; ma=2592000,quic=\":443\"; ma=2592000; v=\"46,43\"","accept-ranges":"none","transfer-encoding":"chunked"}
[debug] [2021-07-25T14:31:07.537Z] >>> [apiv2][query] POST https://firebasehosting.googleapis.com/v1beta1/sites/catsoc-signup-3901a/versions/9a80fed92630ffc9:populateFiles [none]
[debug] [2021-07-25T14:31:07.538Z] >>> [apiv2][body] POST https://firebasehosting.googleapis.com/v1beta1/sites/catsoc-signup-3901a/versions/9a80fed92630ffc9:populateFiles {"files":{"/asset-manifest.json":"1d4d6cfcf3d28c6d3646e13d6e30aacb88310ad4213f245d1c81f3a85325545e","/favicon.ico":"b72f7455f00e4e58792d2bca892abb068e2213838c0316d6b7a0d6d16acd1955","/index.html":"b2c210b10dd72a8a90f5671f904cefc686443b5d1b84a863eb3d7682e2ae4276","/logo192.png":"caff018b7f1e8fd481eb1c50d75b0ef236bcd5078b1d15c8bb348453fee30293","/logo512.png":"191fc21360b4ccfb1cda11a1efb97f489ed22672ca83f4064316802bbfdd750e","/manifest.json":"341d52628782f8ac9290bbfc43298afccb47b7cbfcee146ae30cf0f46bc30900","/robots.txt":"391d14b3c2f8c9143a27a28c7399585142228d4d1bdbe2c87ac946de411fa9a2","/static/js/2.bad56491.chunk.js":"ca8d62aabb25e17a08d5723333b9af9a70c7b92df75a1ec591ad18183510254f","/static/js/2.bad56491.chunk.js.LICENSE.txt":"65c6ecb6192f97a7b3e674b68ee6129941ddc83db480b46ce95eaea24ff40121","/static/js/2.bad56491.chunk.js.map":"f44ad55586dc1f1c24d05ba072102344c786b07e2ad21a0017529eaec9de513b","/static/js/main.c5062434.chunk.js":"79541c94abb92327df2334c0a12f7567bb4b742379f1a3c2d9676cfd478b31e6","/static/js/main.c5062434.chunk.js.map":"b797a4f0b429a13ac04e1b75c0ee84ecc7b59fa47cbfcdd96d33b17b0c2af27e","/static/js/runtime-main.5d4148aa.js":"985122825bf2310d44d18c3bd51fa6031facf1188a2d0e70f403e7303553d369","/static/js/runtime-main.5d4148aa.js.map":"185df97ced52b7e135c5e9c663b2bbbb3e76358e843c06a74ba12b6c47e8aacc"}}
[debug] [2021-07-25T14:31:08.950Z] <<< [apiv2][status] POST https://firebasehosting.googleapis.com/v1beta1/sites/catsoc-signup-3901a/versions/9a80fed92630ffc9:populateFiles 200
[debug] [2021-07-25T14:31:08.951Z] <<< [apiv2][body] POST https://firebasehosting.googleapis.com/v1beta1/sites/catsoc-signup-3901a/versions/9a80fed92630ffc9:populateFiles {"uploadUrl":"https://upload-firebasehosting.googleapis.com/upload/sites/catsoc-signup-3901a/versions/9a80fed92630ffc9/files"}
[debug] [2021-07-25T14:31:08.951Z] [hosting][populate queue][FINAL] {"max":1789,"min":1789,"avg":1789,"active":0,"complete":1,"success":1,"errored":0,"retried":0,"total":1,"elapsed":1789}
[debug] [2021-07-25T14:31:08.951Z] [hosting] uploads queued: 0
[debug] [2021-07-25T14:31:08.951Z] [hosting][upload queue][FINAL] {"max":0,"min":9999999999,"avg":0,"active":0,"complete":0,"success":0,"errored":0,"retried":0,"total":0,"elapsed":1627223468951}
[info] ✔  hosting[catsoc-signup-3901a]: file upload complete 
[debug] [2021-07-25T14:31:08.951Z] [hosting] deploy completed after 1797ms
[debug] [2021-07-25T14:31:08.953Z] [
  {
    "config": {
      "public": "build",
      "ignore": [
        "firebase.json",
        "**/.*",
        "**/node_modules/**"
      ],
      "rewrites": [
        {
          "source": "**",
          "destination": "/index.html"
        }
      ],
      "site": "catsoc-signup-3901a"
    },
    "site": "catsoc-signup-3901a",
    "version": "sites/catsoc-signup-3901a/versions/9a80fed92630ffc9"
  }
]
[info] i  hosting[catsoc-signup-3901a]: finalizing version... 
[debug] [2021-07-25T14:31:08.953Z] > refreshing access token with scopes: ["email","https://www.googleapis.com/auth/cloud-platform","https://www.googleapis.com/auth/cloudplatformprojects.readonly","https://www.googleapis.com/auth/firebase","openid"]
[debug] [2021-07-25T14:31:08.954Z] >>> HTTP REQUEST POST https://www.googleapis.com/oauth2/v3/token  
 <request body omitted>
[debug] [2021-07-25T14:31:09.268Z] <<< HTTP RESPONSE 200 {"date":"Sun, 25 Jul 2021 14:31:09 GMT","expires":"Mon, 01 Jan 1990 00:00:00 GMT","pragma":"no-cache","cache-control":"no-cache, no-store, max-age=0, must-revalidate","content-type":"application/json; charset=utf-8","vary":"X-Origin, Referer, Origin,Accept-Encoding","server":"scaffolding on HTTPServer2","x-xss-protection":"0","x-frame-options":"SAMEORIGIN","x-content-type-options":"nosniff","alt-svc":"h3=\":443\"; ma=2592000,h3-29=\":443\"; ma=2592000,h3-T051=\":443\"; ma=2592000,h3-Q050=\":443\"; ma=2592000,h3-Q046=\":443\"; ma=2592000,h3-Q043=\":443\"; ma=2592000,quic=\":443\"; ma=2592000; v=\"46,43\"","accept-ranges":"none","transfer-encoding":"chunked"}
[debug] [2021-07-25T14:31:09.320Z] >>> HTTP REQUEST PATCH https://firebasehosting.googleapis.com/v1beta1/sites/catsoc-signup-3901a/versions/9a80fed92630ffc9?updateMask=status  
 {"status":"FINALIZED"}
[debug] [2021-07-25T14:31:10.698Z] <<< HTTP RESPONSE 200 {"content-type":"application/json; charset=UTF-8","vary":"X-Origin, Referer, Origin,Accept-Encoding","date":"Sun, 25 Jul 2021 14:31:10 GMT","server":"ESF","cache-control":"private","x-xss-protection":"0","x-frame-options":"SAMEORIGIN","x-content-type-options":"nosniff","alt-svc":"h3=\":443\"; ma=2592000,h3-29=\":443\"; ma=2592000,h3-T051=\":443\"; ma=2592000,h3-Q050=\":443\"; ma=2592000,h3-Q046=\":443\"; ma=2592000,h3-Q043=\":443\"; ma=2592000,quic=\":443\"; ma=2592000; v=\"46,43\"","accept-ranges":"none","transfer-encoding":"chunked"}
[debug] [2021-07-25T14:31:10.698Z] [hosting] finalized version for catsoc-signup-3901a: {"name":"sites/catsoc-signup-3901a/versions/9a80fed92630ffc9","status":"FINALIZED","config":{"rewrites":[{"glob":"**","path":"/index.html"}]},"labels":{"deployment-tool":"cli-firebase"},"createTime":"2021-07-25T14:31:07.001339Z","createUser":{"email":"vnmsx6@gmail.com"},"finalizeTime":"2021-07-25T14:31:10.822818Z","finalizeUser":{"email":"vnmsx6@gmail.com"}}
[info] ✔  hosting[catsoc-signup-3901a]: version finalized 
[info] i  hosting[catsoc-signup-3901a]: releasing new version... 
[debug] [2021-07-25T14:31:10.699Z] >>> HTTP REQUEST POST https://firebasehosting.googleapis.com/v1beta1/sites/catsoc-signup-3901a/releases?version_name=sites/catsoc-signup-3901a/versions/9a80fed92630ffc9  
 {"message":null}
[debug] [2021-07-25T14:31:12.049Z] <<< HTTP RESPONSE 200 {"content-type":"application/json; charset=UTF-8","vary":"X-Origin, Referer, Origin,Accept-Encoding","date":"Sun, 25 Jul 2021 14:31:12 GMT","server":"ESF","cache-control":"private","x-xss-protection":"0","x-frame-options":"SAMEORIGIN","x-content-type-options":"nosniff","alt-svc":"h3=\":443\"; ma=2592000,h3-29=\":443\"; ma=2592000,h3-T051=\":443\"; ma=2592000,h3-Q050=\":443\"; ma=2592000,h3-Q046=\":443\"; ma=2592000,h3-Q043=\":443\"; ma=2592000,quic=\":443\"; ma=2592000; v=\"46,43\"","accept-ranges":"none","transfer-encoding":"chunked"}
[debug] [2021-07-25T14:31:12.049Z] [hosting] release: {"name":"sites/catsoc-signup-3901a/releases/1627223471624733","version":{"name":"sites/catsoc-signup-3901a/versions/9a80fed92630ffc9","status":"FINALIZED","config":{"rewrites":[{"glob":"**","path":"/index.html"}]},"labels":{"deployment-tool":"cli-firebase"},"createTime":"2021-07-25T14:31:07.001339Z","createUser":{"email":"vnmsx6@gmail.com"},"finalizeTime":"2021-07-25T14:31:10.822818Z","finalizeUser":{"email":"vnmsx6@gmail.com"}},"type":"DEPLOY","releaseTime":"2021-07-25T14:31:11.624733942Z","releaseUser":{"email":"vnmsx6@gmail.com"}}
[info] ✔  hosting[catsoc-signup-3901a]: release complete 
[info] 
[info] ✔  Deploy complete! 
[info] 
[info] Project Console: https://console.firebase.google.com/project/catsoc-signup-3901a/overview
[info] Hosting URL: https://catsoc-signup-3901a.web.app
